<?xml version="1.0" encoding="UTF-8"?>
<testng-results skipped="0" failed="0" ignored="0" total="1" passed="1">
  <reporter-output>
  </reporter-output>
  <suite name="Suite" duration-ms="61" started-at="2018-10-01T13:47:06Z" finished-at="2018-10-01T13:47:06Z">
    <groups>
    </groups>
    <test name="Test" duration-ms="61" started-at="2018-10-01T13:47:06Z" finished-at="2018-10-01T13:47:06Z">
      <class name="test.test1">
        <test-method status="PASS" signature="testCase1()[pri:0, instance:test.test1@39aeed2f]" name="testCase1" duration-ms="15" started-at="2018-10-01T13:47:06Z" finished-at="2018-10-01T13:47:06Z">
          <reporter-output>
          </reporter-output>
        </test-method> <!-- testCase1 -->
      </class> <!-- test.test1 -->
    </test> <!-- Test -->
  </suite> <!-- Suite -->
</testng-results>
